<?xml version="1.0" encoding="UTF-8"?>
<testng-results ignored="0" total="1" passed="1" failed="0" skipped="0">
  <reporter-output>
  </reporter-output>
  <suite started-at="2025-01-27T17:13:53 IST" name="Default suite" finished-at="2025-01-27T17:14:08 IST" duration-ms="15129">
    <groups>
      <group name="cucumber">
        <method signature="AbstractTestNGCucumberTests.runScenario(io.cucumber.testng.PickleWrapper,io.cucumber.testng.FeatureWrapper)[pri:0, instance:testRunnerClass.TestRunner@4e50c791]" name="runScenario" class="io.cucumber.testng.AbstractTestNGCucumberTests"/>
      </group> <!-- cucumber -->
    </groups>
    <test started-at="2025-01-27T17:13:53 IST" name="Default test" finished-at="2025-01-27T17:14:08 IST" duration-ms="15129">
      <class name="testRunnerClass.TestRunner">
        <test-method is-config="true" signature="setUpClass(org.testng.ITestContext)[pri:0, instance:testRunnerClass.TestRunner@4e50c791]" started-at="2025-01-27T17:13:53 IST" name="setUpClass" finished-at="2025-01-27T17:13:54 IST" duration-ms="485" status="PASS">
          <params>
            <param index="0">
              <value>
                <![CDATA[org.testng.TestRunner@7c9bdee9]]>
              </value>
            </param>
          </params>
          <reporter-output>
          </reporter-output>
        </test-method> <!-- setUpClass -->
        <test-method signature="runScenario(io.cucumber.testng.PickleWrapper,io.cucumber.testng.FeatureWrapper)[pri:0, instance:testRunnerClass.TestRunner@4e50c791]" started-at="2025-01-27T17:13:54 IST" name="runScenario" description="Runs Cucumber Scenarios" data-provider="scenarios" finished-at="2025-01-27T17:14:08 IST" duration-ms="14517" status="PASS">
          <params>
            <param index="0">
              <value>
                <![CDATA["Validation of Cancel Booking"]]>
              </value>
            </param>
            <param index="1">
              <value>
                <![CDATA["Adactin Hotel - Cancel Booking"]]>
              </value>
            </param>
          </params>
          <reporter-output>
          </reporter-output>
        </test-method> <!-- runScenario -->
        <test-method is-config="true" signature="tearDownClass()[pri:0, instance:testRunnerClass.TestRunner@4e50c791]" started-at="2025-01-27T17:14:08 IST" name="tearDownClass" finished-at="2025-01-27T17:14:08 IST" duration-ms="73" status="PASS">
          <reporter-output>
          </reporter-output>
        </test-method> <!-- tearDownClass -->
      </class> <!-- testRunnerClass.TestRunner -->
    </test> <!-- Default test -->
  </suite> <!-- Default suite -->
</testng-results>
