<?xml version="1.0" encoding="UTF-8"?>
<testng-results ignored="0" total="6" passed="6" failed="0" skipped="0">
  <reporter-output>
  </reporter-output>
  <suite started-at="2025-01-24T14:20:55 IST" name="Default suite" finished-at="2025-01-24T14:21:54 IST" duration-ms="58201">
    <groups>
      <group name="cucumber">
        <method signature="AbstractTestNGCucumberTests.runScenario(io.cucumber.testng.PickleWrapper,io.cucumber.testng.FeatureWrapper)[pri:0, instance:testRunnerClass.TestRunner@4e50c791]" name="runScenario" class="io.cucumber.testng.AbstractTestNGCucumberTests"/>
      </group> <!-- cucumber -->
    </groups>
    <test started-at="2025-01-24T14:20:55 IST" name="Default test" finished-at="2025-01-24T14:21:54 IST" duration-ms="58201">
      <class name="testRunnerClass.TestRunner">
        <test-method is-config="true" signature="setUpClass(org.testng.ITestContext)[pri:0, instance:testRunnerClass.TestRunner@4e50c791]" started-at="2025-01-24T14:20:55 IST" name="setUpClass" finished-at="2025-01-24T14:20:56 IST" duration-ms="613" status="PASS">
          <params>
            <param index="0">
              <value>
                <![CDATA[org.testng.TestRunner@6535117e]]>
              </value>
            </param>
          </params>
          <reporter-output>
          </reporter-output>
        </test-method> <!-- setUpClass -->
        <test-method signature="runScenario(io.cucumber.testng.PickleWrapper,io.cucumber.testng.FeatureWrapper)[pri:0, instance:testRunnerClass.TestRunner@4e50c791]" started-at="2025-01-24T14:20:56 IST" name="runScenario" description="Runs Cucumber Scenarios" data-provider="scenarios" finished-at="2025-01-24T14:21:03 IST" duration-ms="6785" status="PASS">
          <params>
            <param index="0">
              <value>
                <![CDATA["Validation of Login Credentials"]]>
              </value>
            </param>
            <param index="1">
              <value>
                <![CDATA["Adactin Hotel Booking Validation"]]>
              </value>
            </param>
          </params>
          <reporter-output>
          </reporter-output>
        </test-method> <!-- runScenario -->
        <test-method signature="runScenario(io.cucumber.testng.PickleWrapper,io.cucumber.testng.FeatureWrapper)[pri:0, instance:testRunnerClass.TestRunner@4e50c791]" started-at="2025-01-24T14:21:03 IST" name="runScenario" description="Runs Cucumber Scenarios" data-provider="scenarios" finished-at="2025-01-24T14:21:09 IST" duration-ms="5730" status="PASS">
          <params>
            <param index="0">
              <value>
                <![CDATA["Validation of invalid Login Credentials"]]>
              </value>
            </param>
            <param index="1">
              <value>
                <![CDATA["Adactin Hotel Booking Validation"]]>
              </value>
            </param>
          </params>
          <reporter-output>
          </reporter-output>
        </test-method> <!-- runScenario -->
        <test-method signature="runScenario(io.cucumber.testng.PickleWrapper,io.cucumber.testng.FeatureWrapper)[pri:0, instance:testRunnerClass.TestRunner@4e50c791]" started-at="2025-01-24T14:21:09 IST" name="runScenario" description="Runs Cucumber Scenarios" data-provider="scenarios" finished-at="2025-01-24T14:21:14 IST" duration-ms="5696" status="PASS">
          <params>
            <param index="0">
              <value>
                <![CDATA["Validation of invalid Login Credentials"]]>
              </value>
            </param>
            <param index="1">
              <value>
                <![CDATA["Adactin Hotel Booking Validation"]]>
              </value>
            </param>
          </params>
          <reporter-output>
          </reporter-output>
        </test-method> <!-- runScenario -->
        <test-method signature="runScenario(io.cucumber.testng.PickleWrapper,io.cucumber.testng.FeatureWrapper)[pri:0, instance:testRunnerClass.TestRunner@4e50c791]" started-at="2025-01-24T14:21:14 IST" name="runScenario" description="Runs Cucumber Scenarios" data-provider="scenarios" finished-at="2025-01-24T14:21:29 IST" duration-ms="14628" status="PASS">
          <params>
            <param index="0">
              <value>
                <![CDATA["Validation of invalid Login Credentials"]]>
              </value>
            </param>
            <param index="1">
              <value>
                <![CDATA["Adactin Hotel Booking Validation"]]>
              </value>
            </param>
          </params>
          <reporter-output>
          </reporter-output>
        </test-method> <!-- runScenario -->
        <test-method signature="runScenario(io.cucumber.testng.PickleWrapper,io.cucumber.testng.FeatureWrapper)[pri:0, instance:testRunnerClass.TestRunner@4e50c791]" started-at="2025-01-24T14:21:29 IST" name="runScenario" description="Runs Cucumber Scenarios" data-provider="scenarios" finished-at="2025-01-24T14:21:40 IST" duration-ms="11310" status="PASS">
          <params>
            <param index="0">
              <value>
                <![CDATA["Validation of invalid Login Credentials"]]>
              </value>
            </param>
            <param index="1">
              <value>
                <![CDATA["Adactin Hotel Booking Validation"]]>
              </value>
            </param>
          </params>
          <reporter-output>
          </reporter-output>
        </test-method> <!-- runScenario -->
        <test-method signature="runScenario(io.cucumber.testng.PickleWrapper,io.cucumber.testng.FeatureWrapper)[pri:0, instance:testRunnerClass.TestRunner@4e50c791]" started-at="2025-01-24T14:21:40 IST" name="runScenario" description="Runs Cucumber Scenarios" data-provider="scenarios" finished-at="2025-01-24T14:21:53 IST" duration-ms="13263" status="PASS">
          <params>
            <param index="0">
              <value>
                <![CDATA["Validation of invalid Login Credentials"]]>
              </value>
            </param>
            <param index="1">
              <value>
                <![CDATA["Adactin Hotel Booking Validation"]]>
              </value>
            </param>
          </params>
          <reporter-output>
          </reporter-output>
        </test-method> <!-- runScenario -->
        <test-method is-config="true" signature="tearDownClass()[pri:0, instance:testRunnerClass.TestRunner@4e50c791]" started-at="2025-01-24T14:21:53 IST" name="tearDownClass" finished-at="2025-01-24T14:21:54 IST" duration-ms="126" status="PASS">
          <reporter-output>
          </reporter-output>
        </test-method> <!-- tearDownClass -->
      </class> <!-- testRunnerClass.TestRunner -->
    </test> <!-- Default test -->
  </suite> <!-- Default suite -->
</testng-results>
